2015-10-01 09:29:20 paged_title() [Проекты | BVI Group] [ - Part 5]
2015-10-01 14:50:40 paged_title() [Проекты | BVI Group] [ - Part 3]
2015-10-01 16:33:13 paged_title() [Проекты | BVI Group] [ - Part 5]
2015-10-01 19:23:37 paged_title() [Проекты | BVI Group] [ - Part 4]
2015-10-01 19:43:09 paged_title() [Проекты | BVI Group] [ - Part 7]
2015-10-01 20:23:26 paged_title() [Проекты | BVI Group] [ - Part 2]
2015-10-01 23:06:25 paged_title() [Проекты | BVI Group] [ - Part 6]
2015-10-02 00:13:13 paged_title() [Проекты | BVI Group] [ - Part 3]
2015-10-02 00:20:32 paged_title() [Projects | BVI Group] [ - Part 3]
2015-10-02 01:00:14 paged_title() [Projects | BVI Group] [ - Part 5]
2015-10-02 08:25:36 paged_title() [Проекты | BVI Group] [ - Part 4]
2015-10-02 08:56:49 paged_title() [Проекты | BVI Group] [ - Part 6]
2015-10-02 09:18:01 paged_title() [Проекты | BVI Group] [ - Part 7]
2015-10-02 09:22:00 paged_title() [Вентиляція | BVI Group] [ - Part 2]
2015-10-02 09:44:25 paged_title() [Вентиляція | BVI Group] [ - Part 3]
2015-10-02 10:07:13 paged_title() [Вентиляція | BVI Group] [ - Part 4]
2015-10-02 10:36:50 paged_title() [Кондиціювання | BVI Group] [ - Part 3]
2015-10-02 10:51:39 paged_title() [Кондиціювання | BVI Group] [ - Part 2]
2015-10-02 12:13:39 paged_title() [Projects | BVI Group] [ - Part 6]
2015-10-02 12:22:26 paged_title() [Вентиляция | BVI Group] [ - Part 3]
2015-10-02 13:05:44 paged_title() [Вентиляция | BVI Group] [ - Part 4]
2015-10-02 13:13:40 paged_title() [Вентиляция | BVI Group] [ - Part 2]
2015-10-02 13:37:40 paged_title() [Кондиционирование | BVI Group] [ - Part 3]
2015-10-02 20:15:35 paged_title() [Кондиционирование | BVI Group] [ - Part 2]
2015-10-02 21:50:14 paged_title() [Projects | BVI Group] [ - Part 7]
2015-10-02 21:57:34 paged_title() [Projects | BVI Group] [ - Part 4]
2015-10-02 22:00:54 paged_title() [Projects | BVI Group] [ - Part 2]
2015-10-02 22:11:34 paged_title() [Проекты | BVI Group] [ - Part 2]
2015-10-03 06:14:04 paged_title() [Ventilation | BVI Group] [ - Part 2]
2015-10-03 06:21:04 paged_title() [Ventilation | BVI Group] [ - Part 4]
2015-10-03 06:35:03 paged_title() [Air conditioning | BVI Group] [ - Part 3]
2015-10-03 07:11:04 paged_title() [Ventilation | BVI Group] [ - Part 3]
2015-10-03 07:43:05 paged_title() [Air conditioning | BVI Group] [ - Part 2]
2015-10-04 07:33:46 paged_title() [Кондиционирование | BVI Group] [ - Part 2]
2015-10-04 07:34:00 paged_title() [Кондиционирование | BVI Group] [ - Part 3]
2015-10-04 07:34:13 paged_title() [Вентиляция | BVI Group] [ - Part 4]
2015-10-04 08:17:02 paged_title() [Вентиляция | BVI Group] [ - Part 3]
2015-10-04 08:32:11 paged_title() [Вентиляция | BVI Group] [ - Part 2]
2015-10-05 10:11:35 paged_title() [Кондиціювання | BVI Group] [ - Part 3]
2015-10-05 16:14:35 paged_title() [Кондиционирование | BVI Group] [ - Part 2]
2015-10-05 16:51:18 paged_title() [Кондиционирование | BVI Group] [ - Part 3]
2015-10-05 17:08:02 paged_title() [Вентиляция | BVI Group] [ - Part 3]
2015-10-05 17:31:56 paged_title() [Вентиляция | BVI Group] [ - Part 2]
2015-10-05 17:50:49 paged_title() [Вентиляция | BVI Group] [ - Part 4]
2015-10-05 18:55:23 paged_title() [Кондиціювання | BVI Group] [ - Part 2]
2015-10-05 21:14:14 paged_title() [Проекты | BVI Group] [ - Part 3]
2015-10-05 21:41:41 paged_title() [Проекты | BVI Group] [ - Part 2]
2015-10-05 22:11:40 paged_title() [Проекты | BVI Group] [ - Part 5]
2015-10-05 22:12:01 paged_title() [Проекты | BVI Group] [ - Part 4]
2015-10-05 22:12:19 paged_title() [Проекты | BVI Group] [ - Part 7]
2015-10-05 22:51:03 paged_title() [Вентиляція | BVI Group] [ - Part 4]
2015-10-05 23:27:04 paged_title() [Вентиляція | BVI Group] [ - Part 2]
2015-10-06 00:40:14 paged_title() [Вентиляція | BVI Group] [ - Part 3]
2015-10-06 04:02:12 paged_title() [Март, 2015 | BVI Group] [ - Part 2]
2015-10-06 05:28:54 paged_title() [Февраль, 2015 | BVI Group] [ - Part 2]
2015-10-06 07:34:42 paged_title() [manager | BVI Group] [ - Part 2]
2015-10-06 21:17:51 paged_title() [Февраль, 2015 | BVI Group] [ - Part 3]
2015-10-06 21:49:15 paged_title() [February, 2015 | BVI Group] [ - Part 2]
2015-10-06 21:50:42 paged_title() [March, 2015 | BVI Group] [ - Part 2]
2015-10-06 22:56:26 paged_title() [March, 2015 | BVI Group] [ - Part 2]
2015-10-06 23:06:06 paged_title() [February, 2015 | BVI Group] [ - Part 2]
2015-10-06 23:47:12 paged_title() [manager | BVI Group] [ - Part 3]
2015-10-07 00:24:23 paged_title() [manager | BVI Group] [ - Part 2]
2015-10-07 00:44:14 paged_title() [manager | BVI Group] [ - Part 2]
2015-10-07 04:15:30 paged_title() [Февраль, 2015 | BVI Group] [ - Part 4]
2015-10-07 04:51:34 paged_title() [February, 2015 | BVI Group] [ - Part 3]
2015-10-07 05:12:06 paged_title() [February, 2015 | BVI Group] [ - Part 3]
2015-10-07 12:32:48 paged_title() [Февраль, 2015 | BVI Group] [ - Part 5]
2015-10-07 12:54:09 paged_title() [manager | BVI Group] [ - Part 4]
2015-10-07 13:23:25 paged_title() [Вентиляция | BVI Group] [ - Part 3]
2015-10-07 13:23:27 paged_title() [Вентиляция | BVI Group] [ - Part 2]
2015-10-07 13:23:40 paged_title() [Ventilation | BVI Group] [ - Part 2]
2015-10-07 13:23:42 paged_title() [Вентиляція | BVI Group] [ - Part 2]
2015-10-07 13:24:05 paged_title() [Ventilation | BVI Group] [ - Part 3]
2015-10-07 13:24:13 paged_title() [Вентиляція | BVI Group] [ - Part 3]
2015-10-07 13:28:40 paged_title() [February, 2015 | BVI Group] [ - Part 4]
2015-10-07 13:35:38 paged_title() [February, 2015 | BVI Group] [ - Part 4]
2015-10-07 13:52:53 paged_title() [Вентиляция | BVI Group] [ - Part 2]
2015-10-07 13:52:55 paged_title() [Вентиляция | BVI Group] [ - Part 3]
2015-10-07 13:53:20 paged_title() [Ventilation | BVI Group] [ - Part 2]
2015-10-07 13:53:21 paged_title() [Вентиляція | BVI Group] [ - Part 2]
2015-10-07 13:53:43 paged_title() [Ventilation | BVI Group] [ - Part 3]
2015-10-07 13:53:45 paged_title() [Вентиляція | BVI Group] [ - Part 3]
2015-10-07 13:56:39 paged_title() [manager | BVI Group] [ - Part 3]
2015-10-07 14:15:55 paged_title() [manager | BVI Group] [ - Part 3]
2015-10-07 14:29:56 paged_title() [Вентиляция | BVI Group] [ - Part 2]
2015-10-07 18:42:10 paged_title() [Ventilation | BVI Group] [ - Part 4]
2015-10-07 19:02:49 paged_title() [Air conditioning | BVI Group] [ - Part 3]
2015-10-07 19:02:51 paged_title() [Projects | BVI Group] [ - Part 2]
2015-10-07 19:02:53 paged_title() [Projects | BVI Group] [ - Part 3]
2015-10-07 19:02:55 paged_title() [Projects | BVI Group] [ - Part 4]
2015-10-07 19:02:57 paged_title() [Projects | BVI Group] [ - Part 5]
2015-10-07 19:02:59 paged_title() [Projects | BVI Group] [ - Part 7]
2015-10-07 19:03:01 paged_title() [Air conditioning | BVI Group] [ - Part 2]
2015-10-07 19:03:07 paged_title() [Проекты | BVI Group] [ - Part 6]
2015-10-07 19:03:09 paged_title() [Кондиціювання | BVI Group] [ - Part 2]
2015-10-07 19:03:13 paged_title() [Проекты | BVI Group] [ - Part 4]
2015-10-07 19:03:15 paged_title() [Проекты | BVI Group] [ - Part 5]
2015-10-07 19:03:17 paged_title() [Проекты | BVI Group] [ - Part 2]
2015-10-07 19:03:19 paged_title() [Проекты | BVI Group] [ - Part 3]
2015-10-07 19:03:21 paged_title() [Проекты | BVI Group] [ - Part 7]
2015-10-07 21:06:01 paged_title() [Февраль, 2015 | BVI Group] [ - Part 6]
2015-10-07 21:14:00 paged_title() [manager | BVI Group] [ - Part 5]
2015-10-07 21:25:27 paged_title() [February, 2015 | BVI Group] [ - Part 5]
2015-10-07 21:39:26 paged_title() [February, 2015 | BVI Group] [ - Part 5]
2015-10-07 21:50:13 paged_title() [manager | BVI Group] [ - Part 4]
2015-10-07 23:07:43 paged_title() [manager | BVI Group] [ - Part 4]
2015-10-08 07:46:27 paged_title() [Проекты | BVI Group] [ - Part 3]
2015-10-08 07:46:43 paged_title() [Проекты | BVI Group] [ - Part 2]
2015-10-08 07:47:00 paged_title() [Проекты | BVI Group] [ - Part 5]
2015-10-08 07:47:16 paged_title() [Проекты | BVI Group] [ - Part 4]
2015-10-08 07:47:31 paged_title() [Проекты | BVI Group] [ - Part 7]
2015-10-08 08:42:26 paged_title() [Вентиляція | BVI Group] [ - Part 4]
2015-10-08 10:39:51 paged_title() [Кондиционирование | BVI Group] [ - Part 2]
2015-10-08 10:39:55 paged_title() [Кондиционирование | BVI Group] [ - Part 3]
2015-10-08 10:40:03 paged_title() [Вентиляция | BVI Group] [ - Part 2]
2015-10-08 10:40:06 paged_title() [Вентиляция | BVI Group] [ - Part 3]
2015-10-08 10:40:09 paged_title() [Вентиляция | BVI Group] [ - Part 4]
2015-10-08 10:58:48 paged_title() [manager | BVI Group] [ - Part 6]
2015-10-08 11:01:04 paged_title() [Вентиляция | BVI Group] [ - Part 2]
2015-10-08 11:01:16 paged_title() [Вентиляция | BVI Group] [ - Part 3]
2015-10-08 11:01:30 paged_title() [Вентиляция | BVI Group] [ - Part 4]
2015-10-08 11:03:05 paged_title() [Вентиляция | BVI Group] [ - Part 4]
2015-10-08 11:04:42 paged_title() [February, 2015 | BVI Group] [ - Part 6]
2015-10-08 11:06:08 paged_title() [February, 2015 | BVI Group] [ - Part 6]
2015-10-08 11:21:04 paged_title() [manager | BVI Group] [ - Part 5]
2015-10-08 11:36:08 paged_title() [Кондиционирование | BVI Group] [ - Part 2]
2015-10-08 11:36:10 paged_title() [Кондиционирование | BVI Group] [ - Part 3]
2015-10-08 11:36:18 paged_title() [Вентиляция | BVI Group] [ - Part 2]
2015-10-08 11:36:21 paged_title() [Вентиляция | BVI Group] [ - Part 3]
2015-10-08 11:36:24 paged_title() [Вентиляция | BVI Group] [ - Part 4]
2015-10-08 12:22:55 paged_title() [manager | BVI Group] [ - Part 5]
2015-10-08 18:19:20 paged_title() [manager | BVI Group] [ - Part 7]
2015-10-08 18:40:59 paged_title() [manager | BVI Group] [ - Part 6]
2015-10-08 18:45:49 paged_title() [manager | BVI Group] [ - Part 6]
2015-10-08 20:42:20 paged_title() [Projects | BVI Group] [ - Part 6]
2015-10-08 21:38:22 paged_title() [Проекты | BVI Group] [ - Part 6]
2015-10-09 02:14:38 paged_title() [manager | BVI Group] [ - Part 7]
2015-10-09 02:23:05 paged_title() [manager | BVI Group] [ - Part 7]
